<?xml version="1.0" encoding="UTF-8"?>
<testsuite xmlns:xsi="http://www.w3.org/2001/XMLSchema-instance" xsi:noNamespaceSchemaLocation="https://maven.apache.org/surefire/maven-surefire-plugin/xsd/surefire-test-report-3.0.xsd" version="3.0" name="ie.atu.PassengerTest" time="0.086" tests="12" errors="0" skipped="0" failures="0">
  <properties>
[...]
</properties>
  <testcase name="testNameFail" classname="ie.atu.PassengerTest" time="0.043"/>
  <testcase name="testTitleFail" classname="ie.atu.PassengerTest" time="0.002"/>
  <testcase name="testAgeFail" classname="ie.atu.PassengerTest" time="0.001"/>
  <testcase name="testAge" classname="ie.atu.PassengerTest" time="0.005">
    <system-out><![CDATA[21 

]]></system-out>
  </testcase>
  <testcase name="testPhone" classname="ie.atu.PassengerTest" time="0.001">
    <system-out><![CDATA[0871234567 

]]></system-out>
  </testcase>
  <testcase name="testTitle" classname="ie.atu.PassengerTest" time="0.001">
    <system-out><![CDATA[Mr 

]]></system-out>
  </testcase>
  <testcase name="testName" classname="ie.atu.PassengerTest" time="0.001">
    <system-out><![CDATA[Oisin 

]]></system-out>
  </testcase>
  <testcase name="testID" classname="ie.atu.PassengerTest" time="0.001">
    <system-out><![CDATA[g0037985000 

]]></system-out>
  </testcase>
  <testcase name="testPhoneFail" classname="ie.atu.PassengerTest" time="0.001"/>
  <testcase name="testIDFail" classname="ie.atu.PassengerTest" time="0.001"/>
  <testcase name="testTitle2" classname="ie.atu.PassengerTest" time="0.001">
    <system-out><![CDATA[Ms 

]]></system-out>
  </testcase>
  <testcase name="testTitle3" classname="ie.atu.PassengerTest" time="0">
    <system-out><![CDATA[Mrs 

]]></system-out>
  </testcase>
</testsuite>